wifi-direct-chat-master/app/build/outputs/logs/manifest-merger-debug-report.txt
-- Merging decision tree log ---
manifest
ADDED from src\main\AndroidManifest.xml:2:1-53:12
	xmlns:android
		ADDED from src\main\AndroidManifest.xml:2:11-69
	package
		ADDED from src\main\AndroidManifest.xml:2:70-103
		INJECTED from src\main\AndroidManifest.xml
		INJECTED from src\main\AndroidManifest.xml
	android:versionName
		ADDED from src\main\AndroidManifest.xml:3:29-54
		INJECTED from src\main\AndroidManifest.xml
		INJECTED from src\main\AndroidManifest.xml
	android:versionCode
		ADDED from src\main\AndroidManifest.xml:3:5-28
		INJECTED from src\main\AndroidManifest.xml
		INJECTED from src\main\AndroidManifest.xml
uses-sdk
ADDED from src\main\AndroidManifest.xml:5:5-44
	android:targetSdkVersion
		INJECTED from src\main\AndroidManifest.xml
		INJECTED from src\main\AndroidManifest.xml
	android:minSdkVersion
		ADDED from src\main\AndroidManifest.xml:5:15-41
		INJECTED from src\main\AndroidManifest.xml
		INJECTED from src\main\AndroidManifest.xml
uses-permission#android.permission.ACCESS_WIFI_STATE
ADDED from src\main\AndroidManifest.xml:6:5-76
	android:name
		ADDED from src\main\AndroidManifest.xml:6:22-73
uses-permission#android.permission.CHANGE_WIFI_STATE
ADDED from src\main\AndroidManifest.xml:7:5-76
	android:name
		ADDED from src\main\AndroidManifest.xml:7:22-73
uses-permission#android.permission.CHANGE_NETWORK_STATE
ADDED from src\main\AndroidManifest.xml:8:5-79
	android:name
		ADDED from src\main\AndroidManifest.xml:8:22-76
uses-permission#android.permission.INTERNET
ADDED from src\main\AndroidManifest.xml:9:5-67
	android:name
		ADDED from src\main\AndroidManifest.xml:9:22-64
uses-permission#android.permission.ACCESS_NETWORK_STATE
ADDED from src\main\AndroidManifest.xml:10:5-79
	android:name
		ADDED from src\main\AndroidManifest.xml:10:22-76
uses-permission#android.permission.READ_PHONE_STATE
ADDED from src\main\AndroidManifest.xml:11:5-75
	android:name
		ADDED from src\main\AndroidManifest.xml:11:22-72
uses-permission#android.permission.WRITE_EXTERNAL_STORAGE
ADDED from src\main\AndroidManifest.xml:12:5-81
	android:name
		ADDED from src\main\AndroidManifest.xml:12:22-78
uses-permission#android.permission.VIBRATE
ADDED from src\main\AndroidManifest.xml:13:2-63
	android:name
		ADDED from src\main\AndroidManifest.xml:13:19-60
uses-feature#android.hardware.wifi.direct
ADDED from src\main\AndroidManifest.xml:16:5-88
	android:required
		ADDED from src\main\AndroidManifest.xml:16:63-86
	android:name
		ADDED from src\main\AndroidManifest.xml:16:19-62
application
ADDED from src\main\AndroidManifest.xml:18:5-52:19
	android:label
		ADDED from src\main\AndroidManifest.xml:21:9-41
	android:icon
		ADDED from src\main\AndroidManifest.xml:20:9-45
	android:theme
		ADDED from src\main\AndroidManifest.xml:22:9-50
	android:name
		ADDED from src\main\AndroidManifest.xml:19:9-38
activity#com.colorcloud.wifichat.WiFiDirectActivity
ADDED from src\main\AndroidManifest.xml:24:9-34:20
	android:label
		ADDED from src\main\AndroidManifest.xml:26:13-45
	android:name
		ADDED from src\main\AndroidManifest.xml:25:13-47
	android:launchMode
		ADDED from src\main\AndroidManifest.xml:27:13-44
intent-filter#android.intent.action.MAIN+android.intent.category.LAUNCHER
ADDED from src\main\AndroidManifest.xml:28:13-33:29
action#android.intent.action.MAIN
ADDED from src\main\AndroidManifest.xml:29:17-30:65
	android:name
		ADDED from src\main\AndroidManifest.xml:30:21-62
category#android.intent.category.LAUNCHER
ADDED from src\main\AndroidManifest.xml:31:17-32:71
	android:name
		ADDED from src\main\AndroidManifest.xml:32:21-68
receiver#com.colorcloud.wifichat.WiFiDirectBroadcastReceiver
ADDED from src\main\AndroidManifest.xml:36:9-43:20
	android:name
		ADDED from src\main\AndroidManifest.xml:36:19-62
intent-filter#android.net.wifi.p2p.CONNECTION_STATE_CHANGE+android.net.wifi.p2p.PEERS_CHANGED+android.net.wifi.p2p.STATE_CHANGED+android.net.wifi.p2p.THIS_DEVICE_CHANGED
ADDED from src\main\AndroidManifest.xml:37:13-42:29
action#android.net.wifi.p2p.STATE_CHANGED
ADDED from src\main\AndroidManifest.xml:38:17-77
	android:name
		ADDED from src\main\AndroidManifest.xml:38:25-74
action#android.net.wifi.p2p.PEERS_CHANGED
ADDED from src\main\AndroidManifest.xml:39:17-77
	android:name
		ADDED from src\main\AndroidManifest.xml:39:25-74
action#android.net.wifi.p2p.THIS_DEVICE_CHANGED
ADDED from src\main\AndroidManifest.xml:40:17-83
	android:name
		ADDED from src\main\AndroidManifest.xml:40:25-80
action#android.net.wifi.p2p.CONNECTION_STATE_CHANGE
ADDED from src\main\AndroidManifest.xml:41:17-87
	android:name
		ADDED from src\main\AndroidManifest.xml:41:25-84
activity#com.colorcloud.wifichat.MainActivity
ADDED from src\main\AndroidManifest.xml:45:9-46:20
	android:name
		ADDED from src\main\AndroidManifest.xml:45:19-47
service#com.colorcloud.wifichat.FileTransferService
ADDED from src\main\AndroidManifest.xml:49:9-79
	android:enabled
		ADDED from src\main\AndroidManifest.xml:49:18-40
	android:name
		ADDED from src\main\AndroidManifest.xml:49:41-76
service#com.colorcloud.wifichat.ConnectionService
ADDED from src\main\AndroidManifest.xml:51:9-77
	android:enabled
		ADDED from src\main\AndroidManifest.xml:51:18-40
	android:name
		ADDED from src\main\AndroidManifest.xml:51:41-74